#
# There is insufficient memory for the Java Runtime Environment to continue.
# Native memory allocation (mmap) failed to map 98566144 bytes. Error detail: G1 virtual space
# Possible reasons:
#   The system is out of physical RAM or swap space
#   This process is running with CompressedOops enabled, and the Java Heap may be blocking the growth of the native heap
# Possible solutions:
#   Reduce memory load on the system
#   Increase physical memory or swap space
#   Check if swap backing store is full
#   Decrease Java heap size (-Xmx/-Xms)
#   Decrease number of Java threads
#   Decrease Java thread stack sizes (-Xss)
#   Set larger code cache with -XX:ReservedCodeCacheSize=
#   JVM is running with Unscaled Compressed Oops mode in which the Java heap is
#     placed in the first 4GB address space. The Java Heap base address is the
#     maximum limit for the native heap growth. Please use -XX:HeapBaseMinAddress
#     to set the Java Heap base and to place the Java Heap above 4GB virtual address.
# This output file may be truncated or incomplete.
#
#  Out of Memory Error (os_windows.cpp:3707), pid=12580, tid=26524
#
# JRE version:  (23.0.2+7) (build )
# Java VM: Java HotSpot(TM) 64-Bit Server VM (23.0.2+7-58, mixed mode, sharing, tiered, compressed oops, compressed class ptrs, g1 gc, windows-amd64)
# No core dump will be written. Minidumps are not enabled by default on client versions of Windows
#

---------------  S U M M A R Y ------------

Command Line: --module-path=C:\Users\JoseANG3L\Desktop\FinalAmazombie\AmaZombie\target\classes;C:\Users\JoseANG3L\.m2\repository\org\openjfx\javafx-base\23.0.1\javafx-base-23.0.1-win.jar;C:\Users\JoseANG3L\.m2\repository\org\openjfx\javafx-controls\23.0.1\javafx-controls-23.0.1-win.jar;C:\Users\JoseANG3L\.m2\repository\org\openjfx\javafx-fxml\23.0.1\javafx-fxml-23.0.1-win.jar;C:\Users\JoseANG3L\.m2\repository\org\openjfx\javafx-graphics\23.0.1\javafx-graphics-23.0.1-win.jar;C:\Users\JoseANG3L\.m2\repository\org\openjfx\javafx-media\23.0.1\javafx-media-23.0.1-win.jar;C:\Users\JoseANG3L\.m2\repository\org\openjfx\javafx-web\23.0.1\javafx-web-23.0.1-win.jar --add-modules=amazombie -Djdk.module.main=amazombie amazombie/amazombie.App

Host: AMD Ryzen 5 5500U with Radeon Graphics         , 12 cores, 5G,  Windows 11 , 64 bit Build 26100 (10.0.26100.3912)
Time: Fri Jun  6 15:51:35 2025 Hora estándar central (México) elapsed time: 1.370559 seconds (0d 0h 0m 1s)

---------------  T H R E A D  ---------------

Current thread (0x0000026d28109880):  JavaThread "Unknown thread" [_thread_in_vm, id=26524, stack(0x0000009681d00000,0x0000009681e00000) (1024K)]

Stack: [0x0000009681d00000,0x0000009681e00000]
Native frames: (J=compiled Java code, j=interpreted, Vv=VM code, C=native code)
V  [jvm.dll+0x6e0b99]  (no source info available)
V  [jvm.dll+0x87e2b3]  (no source info available)
V  [jvm.dll+0x88073e]  (no source info available)
V  [jvm.dll+0x880e13]  (no source info available)
V  [jvm.dll+0x27b006]  (no source info available)
V  [jvm.dll+0x6dd485]  (no source info available)
V  [jvm.dll+0x6d127a]  (no source info available)
V  [jvm.dll+0x35b50a]  (no source info available)
V  [jvm.dll+0x363916]  (no source info available)
V  [jvm.dll+0x34fe7e]  (no source info available)
V  [jvm.dll+0x350118]  (no source info available)
V  [jvm.dll+0x328aec]  (no source info available)
V  [jvm.dll+0x32978e]  (no source info available)
V  [jvm.dll+0x8449a5]  (no source info available)
V  [jvm.dll+0x3b9a08]  (no source info available)
V  [jvm.dll+0x82d68c]  (no source info available)
V  [jvm.dll+0x454f2e]  (no source info available)
V  [jvm.dll+0x456db1]  (no source info available)
C  [jli.dll+0x52a3]  (no source info available)
C  [ucrtbase.dll+0x37b0]  (no source info available)
C  [KERNEL32.DLL+0x2e8d7]  (no source info available)
C  [ntdll.dll+0x9c5dc]  (no source info available)

Lock stack of current Java thread (top to bottom):


---------------  P R O C E S S  ---------------

Threads class SMR info:
_java_thread_list=0x00007ffd26d84618, length=0, elements={
}

Java Threads: ( => current thread )
Total: 0

Other Threads:
  0x0000026d28155900 WorkerThread "GC Thread#0"                     [id=9644, stack(0x0000009681e00000,0x0000009681f00000) (1024K)]
  0x0000026d28165360 ConcurrentGCThread "G1 Main Marker"            [id=24796, stack(0x0000009681f00000,0x0000009682000000) (1024K)]
  0x0000026d28166070 WorkerThread "G1 Conc#0"                       [id=5672, stack(0x0000009682000000,0x0000009682100000) (1024K)]

[error occurred during error reporting (printing all threads), id 0xc0000005, EXCEPTION_ACCESS_VIOLATION (0xc0000005) at pc=0x00007ffd264cc0da]
VM state: not at safepoint (not fully initialized)

VM Mutex/Monitor currently owned by a thread:  ([mutex/lock_event])
[0x00007ffd26e04988] Heap_lock - owner thread: 0x0000026d28109880

Heap address: 0x00000000a2600000, size: 1498 MB, Compressed Oops mode: 32-bit

CDS archive(s) mapped at: [0x0000000000000000-0x0000000000000000-0x0000000000000000), size 0, SharedBaseAddress: 0x0000000800000000, ArchiveRelocationMode: 1.
Narrow klass base: 0x0000000000000000, Narrow klass shift: 0, Narrow klass range: 0x0

GC Precious Log:
 CardTable entry size: 512
 Card Set container configuration: InlinePtr #cards 5 size 8 Array Of Cards #cards 10 size 36 Howl #buckets 4 coarsen threshold 1843 Howl Bitmap #cards 512 size 80 coarsen threshold 460 Card regions per heap region 1 cards per card region 2048

Heap:
 garbage-first heap   total reserved 1533952K, committed 0K, used 0K [0x00000000a2600000, 0x0000000100000000)
  region size 1024K, 0 young (0K), 0 survivors (0K)

[error occurred during error reporting (printing heap information), id 0xc0000005, EXCEPTION_ACCESS_VIOLATION (0xc0000005) at pc=0x00007ffd268cc6a9]
GC Heap History (0 events):
No events

Dll operation events (1 events):
Event: 0.009 Loaded shared library C:\Program Files\Java\jdk-23\bin\java.dll

Deoptimization events (0 events):
No events

Classes loaded (0 events):
No events

Classes unloaded (0 events):
No events

Classes redefined (0 events):
No events

Internal exceptions (0 events):
No events

VM Operations (0 events):
No events

Memory protections (0 events):
No events

Nmethod flushes (0 events):
No events

Events (0 events):
No events


Dynamic libraries:
0x00007ff747990000 - 0x00007ff7479a0000 	C:\Program Files\Java\jdk-23\bin\java.exe
0x00007ffdac3c0000 - 0x00007ffdac626000 	C:\Windows\SYSTEM32\ntdll.dll
0x00007ffdaac80000 - 0x00007ffdaad49000 	C:\Windows\System32\KERNEL32.DLL
0x00007ffda9700000 - 0x00007ffda9acc000 	C:\Windows\System32\KERNELBASE.dll
0x00007ffdaa030000 - 0x00007ffdaa17b000 	C:\Windows\System32\ucrtbase.dll
0x00007ffd81f70000 - 0x00007ffd81f87000 	C:\Program Files\Java\jdk-23\bin\jli.dll
0x00007ffd9b7d0000 - 0x00007ffd9b7eb000 	C:\Program Files\Java\jdk-23\bin\VCRUNTIME140.dll
0x00007ffdab550000 - 0x00007ffdab71a000 	C:\Windows\System32\USER32.dll
0x00007ffda96d0000 - 0x00007ffda96f7000 	C:\Windows\System32\win32u.dll
0x00007ffd91c60000 - 0x00007ffd91efa000 	C:\Windows\WinSxS\amd64_microsoft.windows.common-controls_6595b64144ccf1df_6.0.26100.3912_none_3e07963ce335137e\COMCTL32.dll
0x00007ffdaae90000 - 0x00007ffdaaebb000 	C:\Windows\System32\GDI32.dll
0x00007ffdab720000 - 0x00007ffdab7c9000 	C:\Windows\System32\msvcrt.dll
0x00007ffda9cd0000 - 0x00007ffda9e02000 	C:\Windows\System32\gdi32full.dll
0x00007ffda9ad0000 - 0x00007ffda9b73000 	C:\Windows\System32\msvcp_win.dll
0x00007ffdaab80000 - 0x00007ffdaabb0000 	C:\Windows\System32\IMM32.DLL
0x00007ffda12d0000 - 0x00007ffda12dc000 	C:\Program Files\Java\jdk-23\bin\vcruntime140_1.dll
0x00007ffd95a10000 - 0x00007ffd95a9e000 	C:\Program Files\Java\jdk-23\bin\msvcp140.dll
0x00007ffd26190000 - 0x00007ffd26ee0000 	C:\Program Files\Java\jdk-23\bin\server\jvm.dll
0x00007ffdab9e0000 - 0x00007ffdaba92000 	C:\Windows\System32\ADVAPI32.dll
0x00007ffdac2c0000 - 0x00007ffdac366000 	C:\Windows\System32\sechost.dll
0x00007ffdaa200000 - 0x00007ffdaa316000 	C:\Windows\System32\RPCRT4.dll
0x00007ffdaad50000 - 0x00007ffdaadc4000 	C:\Windows\System32\WS2_32.dll
0x00007ffda1860000 - 0x00007ffda1896000 	C:\Windows\SYSTEM32\WINMM.dll
0x00007ffda93c0000 - 0x00007ffda941e000 	C:\Windows\SYSTEM32\POWRPROF.dll
0x00007ffda18a0000 - 0x00007ffda18ab000 	C:\Windows\SYSTEM32\VERSION.dll
0x00007ffda93a0000 - 0x00007ffda93b4000 	C:\Windows\SYSTEM32\UMPDC.dll
0x00007ffda82d0000 - 0x00007ffda82ea000 	C:\Windows\SYSTEM32\kernel.appcore.dll
0x00007ffd9ef40000 - 0x00007ffd9ef4a000 	C:\Program Files\Java\jdk-23\bin\jimage.dll
0x00007ffda6970000 - 0x00007ffda6bb1000 	C:\Windows\SYSTEM32\DBGHELP.DLL
0x00007ffdabaa0000 - 0x00007ffdabe24000 	C:\Windows\System32\combase.dll
0x00007ffdab280000 - 0x00007ffdab360000 	C:\Windows\System32\OLEAUT32.dll
0x00007ffd93c00000 - 0x00007ffd93c39000 	C:\Windows\SYSTEM32\dbgcore.DLL
0x00007ffda9e10000 - 0x00007ffda9ea9000 	C:\Windows\System32\bcryptPrimitives.dll
0x00007ffd9a150000 - 0x00007ffd9a16e000 	C:\Program Files\Java\jdk-23\bin\java.dll
0x00007ffdaaf50000 - 0x00007ffdab0ef000 	C:\Windows\System32\ole32.dll
0x00007ffdaa420000 - 0x00007ffdaab4d000 	C:\Windows\System32\SHELL32.dll
0x00007ffda9550000 - 0x00007ffda96c4000 	C:\Windows\System32\wintypes.dll

dbghelp: loaded successfully - version: 4.0.5 - missing functions: none
symbol engine: initialized successfully - sym options: 0x614 - pdb path: .;C:\Program Files\Java\jdk-23\bin;C:\Windows\SYSTEM32;C:\Windows\WinSxS\amd64_microsoft.windows.common-controls_6595b64144ccf1df_6.0.26100.3912_none_3e07963ce335137e;C:\Program Files\Java\jdk-23\bin\server

VM Arguments:
jvm_args: --module-path=C:\Users\JoseANG3L\Desktop\FinalAmazombie\AmaZombie\target\classes;C:\Users\JoseANG3L\.m2\repository\org\openjfx\javafx-base\23.0.1\javafx-base-23.0.1-win.jar;C:\Users\JoseANG3L\.m2\repository\org\openjfx\javafx-controls\23.0.1\javafx-controls-23.0.1-win.jar;C:\Users\JoseANG3L\.m2\repository\org\openjfx\javafx-fxml\23.0.1\javafx-fxml-23.0.1-win.jar;C:\Users\JoseANG3L\.m2\repository\org\openjfx\javafx-graphics\23.0.1\javafx-graphics-23.0.1-win.jar;C:\Users\JoseANG3L\.m2\repository\org\openjfx\javafx-media\23.0.1\javafx-media-23.0.1-win.jar;C:\Users\JoseANG3L\.m2\repository\org\openjfx\javafx-web\23.0.1\javafx-web-23.0.1-win.jar --add-modules=amazombie -Djdk.module.main=amazombie 
java_command: amazombie/amazombie.App
java_class_path (initial): C:\Users\JoseANG3L\Desktop\FinalAmazombie\AmaZombie\target\classes;C:\Users\JoseANG3L\.m2\repository\com\google\protobuf\protobuf-java\3.21.9\protobuf-java-3.21.9.jar;C:\Users\JoseANG3L\.m2\repository\com\mysql\mysql-connector-j\8.0.33\mysql-connector-j-8.0.33.jar;C:\Users\JoseANG3L\.m2\repository\org\openjfx\javafx-base\23.0.1\javafx-base-23.0.1.jar;C:\Users\JoseANG3L\.m2\repository\org\openjfx\javafx-controls\23.0.1\javafx-controls-23.0.1.jar;C:\Users\JoseANG3L\.m2\repository\org\openjfx\javafx-fxml\23.0.1\javafx-fxml-23.0.1.jar;C:\Users\JoseANG3L\.m2\repository\org\openjfx\javafx-graphics\23.0.1\javafx-graphics-23.0.1.jar;C:\Users\JoseANG3L\.m2\repository\org\openjfx\javafx-media\23.0.1\javafx-media-23.0.1.jar;C:\Users\JoseANG3L\.m2\repository\org\openjfx\javafx-web\23.0.1\javafx-web-23.0.1.jar
Launcher Type: SUN_STANDARD

[Global flags]
     intx CICompilerCount                          = 4                                         {product} {ergonomic}
     uint ConcGCThreads                            = 3                                         {product} {ergonomic}
     uint G1ConcRefinementThreads                  = 10                                        {product} {ergonomic}
   size_t G1HeapRegionSize                         = 1048576                                   {product} {ergonomic}
   size_t InitialHeapSize                          = 98566144                                  {product} {ergonomic}
   size_t MarkStackSize                            = 4194304                                   {product} {ergonomic}
   size_t MarkStackSizeMax                         = 536870912                                 {product} {ergonomic}
   size_t MaxHeapSize                              = 1570766848                                {product} {ergonomic}
   size_t MinHeapDeltaBytes                        = 1048576                                   {product} {ergonomic}
   size_t MinHeapSize                              = 8388608                                   {product} {ergonomic}
    uintx NonNMethodCodeHeapSize                   = 5832704                                {pd product} {ergonomic}
    uintx NonProfiledCodeHeapSize                  = 122945536                              {pd product} {ergonomic}
    uintx ProfiledCodeHeapSize                     = 122880000                              {pd product} {ergonomic}
    uintx ReservedCodeCacheSize                    = 251658240                              {pd product} {ergonomic}
     bool SegmentedCodeCache                       = true                                      {product} {ergonomic}
   size_t SoftMaxHeapSize                          = 1570766848                             {manageable} {ergonomic}
     bool UseCompressedOops                        = true                           {product lp64_product} {ergonomic}
     bool UseG1GC                                  = true                                      {product} {ergonomic}
     bool UseLargePagesIndividualAllocation        = false                                  {pd product} {ergonomic}

Logging:
Log output configuration:
 #0: stdout all=warning uptime,level,tags foldmultilines=false
 #1: stderr all=off uptime,level,tags foldmultilines=false

Environment Variables:
JAVA_HOME=C:\Program Files\Java\jdk-23
PATH=C:\app\JoseANG3L\product\21c\dbhomeXE\bin;C:\Program Files\Common Files\Oracle\Java\javapath;C:\Program Files (x86)\Common Files\Oracle\Java\java8path;C:\Program Files (x86)\Common Files\Oracle\Java\javapath;C:\Windows\system32;C:\Windows;C:\Windows\System32\Wbem;C:\Windows\System32\WindowsPowerShell\v1.0\;C:\Windows\System32\OpenSSH\;C:\Program Files\Microsoft SQL Server\Client SDK\ODBC\170\Tools\Binn\;C:\Program Files\dotnet\;C:\Program Files\Git\cmd;C:\Program Files\PuTTY\;C:\Program Files\Oracle\VirtualBox;C:\Program Files\nodejs\;C:\Program Files\CMake\bin;C:\Program Files (x86)\Microsoft SQL Server\160\DTS\Binn\;C:\Program Files\apache-maven-3.9.9\bin;C:\Users\JoseANG3L\AppData\Local\Programs\Python\Python313\Scripts\;C:\Users\JoseANG3L\AppData\Local\Programs\Python\Python313\;C:\Users\JoseANG3L\AppData\Local\Programs\Python\Launcher\;C:\Users\JoseANG3L\AppData\Local\Microsoft\WindowsApps;C:\Users\JoseANG3L\.dotnet\tools;C:\Users\JoseANG3L\AppData\Local\Programs\Microsoft VS Code\bin;C:\Users\JoseANG3L\AppData\Local\Muse Hub\lib;C:\Users\JoseANG3L\AppData\Roaming\npm
USERNAME=JoseANG3L
OS=Windows_NT
PROCESSOR_IDENTIFIER=AMD64 Family 23 Model 104 Stepping 1, AuthenticAMD
TMP=C:\Users\JOSEAN~1\AppData\Local\Temp
TEMP=C:\Users\JOSEAN~1\AppData\Local\Temp




Periodic native trim disabled

---------------  S Y S T E M  ---------------

OS:
 Windows 11 , 64 bit Build 26100 (10.0.26100.3912)
OS uptime: 2 days 4:31 hours
Hyper-V role detected

CPU: total 12 (initial active 12) (12 cores per cpu, 2 threads per core) family 23 model 104 stepping 1 microcode 0x8608107, cx8, cmov, fxsr, ht, mmx, 3dnowpref, sse, sse2, sse3, ssse3, sse4a, sse4.1, sse4.2, popcnt, lzcnt, tsc, tscinvbit, avx, avx2, aes, clmul, bmi1, bmi2, adx, sha, fma, vzeroupper, clflush, clflushopt, hv, rdtscp, rdpid, f16c
Processor Information for the first 12 processors :
  Max Mhz: 2100, Current Mhz: 2100, Mhz Limit: 2100

Memory: 4k page, system-wide physical 5989M (572M free)
TotalPageFile size 24421M (AvailPageFile size 74M)
current process WorkingSet (physical memory assigned to process): 13M, peak: 13M
current process commit charge ("private bytes"): 65M, peak: 158M

vm_info: Java HotSpot(TM) 64-Bit Server VM (23.0.2+7-58) for windows-amd64 JRE (23.0.2+7-58), built on 2024-11-29T09:34:55Z with MS VC++ 17.6 (VS2022)

END.
